<?xml version="1.0" encoding="UTF-8"?>
<!-- Generated by org.testng.reporters.JUnitReportReporter -->
<testsuite hostname="Supis-MacBook.local" failures="0" tests="1" name="com.qa.testscripts.TC_GoogleSearch" time="19.161" errors="0" timestamp="2022-10-29T10:42:21 IST" skipped="0">
  <testcase classname="com.qa.testscripts.TC_GoogleSearch" name="SearchGoogle" time="19.161"/>
  <system-out/>
</testsuite> <!-- com.qa.testscripts.TC_GoogleSearch -->
